<?xml version="1.0" encoding="UTF-8"?>
<!-- Generated by org.testng.reporters.JUnitXMLReporter -->
<testsuite ignored="4" hostname="L003355" failures="0" tests="1" name="Default test" time="3.521" errors="0" timestamp="2024-06-11T19:51:49 IST">
  <testcase classname="nonbdd.PracticeHttpMethods" name="getAEmployee" time="3.465"/>
  <testcase classname="nonbdd.PracticeHttpMethods" name="postDetail" time="0.0">
    <ignored/>
  </testcase> <!-- postDetail -->
  <testcase classname="nonbdd.PracticeHttpMethods" name="updateDetails" time="0.0">
    <ignored/>
  </testcase> <!-- updateDetails -->
  <testcase classname="nonbdd.PracticeHttpMethods" name="getAllDetails" time="0.0">
    <ignored/>
  </testcase> <!-- getAllDetails -->
  <testcase classname="nonbdd.PracticeHttpMethods" name="getAllEmployees" time="0.0">
    <ignored/>
  </testcase> <!-- getAllEmployees -->
</testsuite> <!-- Default test -->
