<?xml version="1.0" encoding="UTF-8"?>
<testng-results ignored="0" total="1" passed="1" failed="0" skipped="0">
  <reporter-output>
  </reporter-output>
  <suite started-at="2024-06-11T19:51:45 IST" name="Default suite" finished-at="2024-06-11T19:51:49 IST" duration-ms="3521">
    <groups>
    </groups>
    <test started-at="2024-06-11T19:51:45 IST" name="Default test" finished-at="2024-06-11T19:51:49 IST" duration-ms="3521">
      <class name="nonbdd.PracticeHttpMethods">
        <test-method signature="getAEmployee()[pri:0, instance:nonbdd.PracticeHttpMethods@36fc695d]" started-at="2024-06-11T19:51:45 IST" name="getAEmployee" finished-at="2024-06-11T19:51:49 IST" duration-ms="3465" status="PASS">
          <reporter-output>
          </reporter-output>
        </test-method> <!-- getAEmployee -->
      </class> <!-- nonbdd.PracticeHttpMethods -->
    </test> <!-- Default test -->
  </suite> <!-- Default suite -->
</testng-results>
